<?xml version="1.0" encoding="UTF-8"?>
<!-- Generated by org.testng.reporters.JUnitXMLReporter -->
<testsuite ignored="1" hostname="DESKTOP-MO9OVGV" failures="0" tests="1" name="Default test" time="45.039" errors="0" timestamp="2023-03-02T09:27:17 GMT">
  <testcase classname="testcases.ContactPageTest" name="VerifyUserAbleToFillForm" time="38.095"/>
  <testcase classname="testcases.ContactPageTest" name="VerifyErrorMessages" time="0.0">
    <ignored/>
  </testcase> <!-- VerifyErrorMessages -->
</testsuite> <!-- Default test -->
