<?xml version="1.0" encoding="UTF-8"?>
<!-- Generated by org.testng.reporters.JUnitXMLReporter -->
<testsuite ignored="0" hostname="DESKTOP-MO9OVGV" failures="0" tests="4" name="Test1" time="63.352" errors="0" timestamp="2023-03-04T09:56:03 GMT">
  <testcase classname="testcases.LoginTest" name="verifyTitle" time="0.018"/>
  <testcase classname="testcases.LoginTest" name="clickOnContactPage" time="2.101"/>
  <testcase classname="testcases.ContactPageTest" name="VerifyErrorMessages" time="6.599"/>
  <testcase classname="testcases.ContactPageTest" name="VerifyUserAbleToFillForm" time="37.035"/>
</testsuite> <!-- Test1 -->
