<?xml version="1.0" encoding="UTF-8"?>
<!-- Generated by org.testng.reporters.JUnitXMLReporter -->
<testsuite ignored="0" hostname="DESKTOP-MO9OVGV" failures="0" tests="4" name="Test2" time="77.778" errors="0" timestamp="2023-03-04T09:57:21 GMT">
  <testcase classname="testcases.LoginTest" name="verifyTitle" time="0.01"/>
  <testcase classname="testcases.LoginTest" name="clickOnContactPage" time="2.146"/>
  <testcase classname="testcases.ContactPageTest" name="VerifyErrorMessages" time="6.647"/>
  <testcase classname="testcases.ContactPageTest" name="VerifyUserAbleToFillForm" time="51.84"/>
</testsuite> <!-- Test2 -->
