<?xml version="1.0" encoding="UTF-8"?>
<!-- Generated by org.testng.reporters.JUnitXMLReporter -->
<testsuite ignored="0" hostname="DESKTOP-MO9OVGV" failures="0" tests="4" name="Test3" time="79.721" errors="0" timestamp="2023-03-04T09:58:41 GMT">
  <testcase classname="testcases.LoginTest" name="verifyTitle" time="0.015"/>
  <testcase classname="testcases.LoginTest" name="clickOnContactPage" time="2.276"/>
  <testcase classname="testcases.ContactPageTest" name="VerifyErrorMessages" time="6.91"/>
  <testcase classname="testcases.ContactPageTest" name="VerifyUserAbleToFillForm" time="36.873"/>
</testsuite> <!-- Test3 -->
