<?xml version="1.0" encoding="UTF-8"?>
<!-- Generated by org.testng.reporters.JUnitXMLReporter -->
<testsuite ignored="0" hostname="DESKTOP-MO9OVGV" failures="0" tests="4" name="Test" time="68.197" errors="0" timestamp="2023-03-03T09:39:16 GMT">
  <testcase classname="testcases.LoginTest" name="verifyTitle" time="0.057"/>
  <testcase classname="testcases.LoginTest" name="clickOnContactPage" time="2.133"/>
  <testcase classname="testcases.ContactPageTest" name="VerifyErrorMessages" time="6.69"/>
  <testcase classname="testcases.ContactPageTest" name="VerifyUserAbleToFillForm" time="36.837"/>
</testsuite> <!-- Test -->
