<?xml version="1.0" encoding="UTF-8"?>
<!-- Generated by org.testng.reporters.JUnitXMLReporter -->
<testsuite hostname="Mukeshs-MacBook-Air-2.local" ignored="0" name="Test" tests="3" failures="0" timestamp="2023-02-21T12:04:38 IST" time="35.894" errors="0">
  <testcase name="verifyTitle" time="0.158" classname="testcases.LoginTest"/>
  <testcase name="verifySocialMediaPresense" time="0.701" classname="testcases.LoginTest"/>
  <testcase name="loginToApplication" time="19.103" classname="testcases.LoginTest"/>
</testsuite> <!-- Test -->
