<?xml version="1.0" encoding="UTF-8"?>
<testng-results ignored="0" total="3" passed="3" failed="0" skipped="0">
  <reporter-output>
  </reporter-output>
  <suite started-at="2023-02-20T15:49:13 IST" name="Default suite" finished-at="2023-02-20T15:49:37 IST" duration-ms="23905">
    <groups>
    </groups>
    <test started-at="2023-02-20T15:49:13 IST" name="Default test" finished-at="2023-02-20T15:49:37 IST" duration-ms="23905">
      <class name="testcases.LoginTest">
        <test-method is-config="true" signature="setup()[pri:0, instance:testcases.LoginTest@f78a47e]" started-at="2023-02-20T15:49:13 IST" name="setup" finished-at="2023-02-20T15:49:26 IST" duration-ms="12385" status="PASS">
          <reporter-output>
          </reporter-output>
        </test-method> <!-- setup -->
        <test-method signature="verifyTitle()[pri:1, instance:testcases.LoginTest@f78a47e]" started-at="2023-02-20T15:49:26 IST" name="verifyTitle" finished-at="2023-02-20T15:49:26 IST" duration-ms="126" status="PASS">
          <reporter-output>
          </reporter-output>
        </test-method> <!-- verifyTitle -->
        <test-method signature="verifySocialMediaPresense()[pri:2, instance:testcases.LoginTest@f78a47e]" started-at="2023-02-20T15:49:26 IST" name="verifySocialMediaPresense" finished-at="2023-02-20T15:49:26 IST" duration-ms="270" status="PASS">
          <reporter-output>
          </reporter-output>
        </test-method> <!-- verifySocialMediaPresense -->
        <test-method signature="loginToApplication(java.lang.String,java.lang.String)[pri:3, instance:testcases.LoginTest@f78a47e]" started-at="2023-02-20T15:49:28 IST" name="loginToApplication" data-provider="credentials" finished-at="2023-02-20T15:49:37 IST" duration-ms="9676" status="PASS">
          <params>
            <param index="0">
              <value>
                <![CDATA[admin@email.com]]>
              </value>
            </param>
            <param index="1">
              <value>
                <![CDATA[admin@123]]>
              </value>
            </param>
          </params>
          <reporter-output>
          </reporter-output>
        </test-method> <!-- loginToApplication -->
        <test-method is-config="true" signature="tearDown()[pri:0, instance:testcases.LoginTest@f78a47e]" started-at="2023-02-20T15:49:37 IST" name="tearDown" finished-at="2023-02-20T15:49:37 IST" duration-ms="127" status="PASS">
          <reporter-output>
          </reporter-output>
        </test-method> <!-- tearDown -->
      </class> <!-- testcases.LoginTest -->
    </test> <!-- Default test -->
  </suite> <!-- Default suite -->
</testng-results>
