<?xml version="1.0" encoding="UTF-8"?>
<testng-results ignored="0" total="12" passed="12" failed="0" skipped="0">
  <reporter-output>
  </reporter-output>
  <suite started-at="2023-03-04T09:55:00 GMT" name="Suite" finished-at="2023-03-04T09:58:41 GMT" duration-ms="220896">
    <groups>
    </groups>
    <test started-at="2023-03-04T09:55:00 GMT" name="Test1" finished-at="2023-03-04T09:56:03 GMT" duration-ms="63352">
      <class name="testcases.ContactPageTest">
        <test-method is-config="true" signature="setup(java.lang.String,java.lang.String)[pri:0, instance:testcases.ContactPageTest@47d9a273]" started-at="2023-03-04T09:55:12 GMT" name="setup" finished-at="2023-03-04T09:55:16 GMT" duration-ms="3669" status="PASS">
          <params>
            <param index="0">
              <value>
                <![CDATA[Chrome]]>
              </value>
            </param>
            <param index="1">
              <value>
                <![CDATA[https://jupiter.cloud.planittesting.com/#/]]>
              </value>
            </param>
          </params>
          <reporter-output>
          </reporter-output>
        </test-method> <!-- setup -->
        <test-method signature="VerifyErrorMessages()[pri:1, instance:testcases.ContactPageTest@47d9a273]" started-at="2023-03-04T09:55:16 GMT" name="VerifyErrorMessages" finished-at="2023-03-04T09:55:22 GMT" duration-ms="6599" status="PASS">
          <reporter-output>
          </reporter-output>
        </test-method> <!-- VerifyErrorMessages -->
        <test-method is-config="true" signature="tearDown()[pri:0, instance:testcases.ContactPageTest@47d9a273]" started-at="2023-03-04T09:55:22 GMT" name="tearDown" finished-at="2023-03-04T09:55:23 GMT" duration-ms="268" status="PASS">
          <reporter-output>
          </reporter-output>
        </test-method> <!-- tearDown -->
        <test-method is-config="true" signature="setup(java.lang.String,java.lang.String)[pri:0, instance:testcases.ContactPageTest@47d9a273]" started-at="2023-03-04T09:55:23 GMT" name="setup" finished-at="2023-03-04T09:55:26 GMT" duration-ms="3578" status="PASS">
          <params>
            <param index="0">
              <value>
                <![CDATA[Chrome]]>
              </value>
            </param>
            <param index="1">
              <value>
                <![CDATA[https://jupiter.cloud.planittesting.com/#/]]>
              </value>
            </param>
          </params>
          <reporter-output>
          </reporter-output>
        </test-method> <!-- setup -->
        <test-method signature="VerifyUserAbleToFillForm()[pri:2, instance:testcases.ContactPageTest@47d9a273]" started-at="2023-03-04T09:55:26 GMT" name="VerifyUserAbleToFillForm" finished-at="2023-03-04T09:56:03 GMT" duration-ms="37035" status="PASS">
          <reporter-output>
          </reporter-output>
        </test-method> <!-- VerifyUserAbleToFillForm -->
        <test-method is-config="true" signature="tearDown()[pri:0, instance:testcases.ContactPageTest@47d9a273]" started-at="2023-03-04T09:56:03 GMT" name="tearDown" finished-at="2023-03-04T09:56:03 GMT" duration-ms="290" status="PASS">
          <reporter-output>
          </reporter-output>
        </test-method> <!-- tearDown -->
      </class> <!-- testcases.ContactPageTest -->
      <class name="testcases.LoginTest">
        <test-method is-config="true" signature="setup(java.lang.String,java.lang.String)[pri:0, instance:testcases.LoginTest@25fb8912]" started-at="2023-03-04T09:55:00 GMT" name="setup" finished-at="2023-03-04T09:55:06 GMT" duration-ms="5485" status="PASS">
          <params>
            <param index="0">
              <value>
                <![CDATA[Chrome]]>
              </value>
            </param>
            <param index="1">
              <value>
                <![CDATA[https://jupiter.cloud.planittesting.com/#/]]>
              </value>
            </param>
          </params>
          <reporter-output>
          </reporter-output>
        </test-method> <!-- setup -->
        <test-method signature="verifyTitle()[pri:1, instance:testcases.LoginTest@25fb8912]" started-at="2023-03-04T09:55:06 GMT" name="verifyTitle" finished-at="2023-03-04T09:55:06 GMT" duration-ms="18" status="PASS">
          <reporter-output>
          </reporter-output>
        </test-method> <!-- verifyTitle -->
        <test-method is-config="true" signature="tearDown()[pri:0, instance:testcases.LoginTest@25fb8912]" started-at="2023-03-04T09:55:06 GMT" name="tearDown" finished-at="2023-03-04T09:55:06 GMT" duration-ms="323" status="PASS">
          <reporter-output>
          </reporter-output>
        </test-method> <!-- tearDown -->
        <test-method is-config="true" signature="setup(java.lang.String,java.lang.String)[pri:0, instance:testcases.LoginTest@25fb8912]" started-at="2023-03-04T09:55:06 GMT" name="setup" finished-at="2023-03-04T09:55:10 GMT" duration-ms="3621" status="PASS">
          <params>
            <param index="0">
              <value>
                <![CDATA[Chrome]]>
              </value>
            </param>
            <param index="1">
              <value>
                <![CDATA[https://jupiter.cloud.planittesting.com/#/]]>
              </value>
            </param>
          </params>
          <reporter-output>
          </reporter-output>
        </test-method> <!-- setup -->
        <test-method signature="clickOnContactPage()[pri:2, instance:testcases.LoginTest@25fb8912]" started-at="2023-03-04T09:55:10 GMT" name="clickOnContactPage" finished-at="2023-03-04T09:55:12 GMT" duration-ms="2101" status="PASS">
          <reporter-output>
          </reporter-output>
        </test-method> <!-- clickOnContactPage -->
        <test-method is-config="true" signature="tearDown()[pri:0, instance:testcases.LoginTest@25fb8912]" started-at="2023-03-04T09:55:12 GMT" name="tearDown" finished-at="2023-03-04T09:55:12 GMT" duration-ms="308" status="PASS">
          <reporter-output>
          </reporter-output>
        </test-method> <!-- tearDown -->
      </class> <!-- testcases.LoginTest -->
    </test> <!-- Test1 -->
    <test started-at="2023-03-04T09:56:03 GMT" name="Test2" finished-at="2023-03-04T09:57:21 GMT" duration-ms="77778">
      <class name="testcases.ContactPageTest">
        <test-method is-config="true" signature="setup(java.lang.String,java.lang.String)[pri:0, instance:testcases.ContactPageTest@f09733f]" started-at="2023-03-04T09:56:14 GMT" name="setup" finished-at="2023-03-04T09:56:18 GMT" duration-ms="3874" status="PASS">
          <params>
            <param index="0">
              <value>
                <![CDATA[Edge]]>
              </value>
            </param>
            <param index="1">
              <value>
                <![CDATA[https://jupiter.cloud.planittesting.com/#/]]>
              </value>
            </param>
          </params>
          <reporter-output>
          </reporter-output>
        </test-method> <!-- setup -->
        <test-method signature="VerifyErrorMessages()[pri:1, instance:testcases.ContactPageTest@f09733f]" started-at="2023-03-04T09:56:18 GMT" name="VerifyErrorMessages" finished-at="2023-03-04T09:56:25 GMT" duration-ms="6647" status="PASS">
          <reporter-output>
          </reporter-output>
        </test-method> <!-- VerifyErrorMessages -->
        <test-method is-config="true" signature="tearDown()[pri:0, instance:testcases.ContactPageTest@f09733f]" started-at="2023-03-04T09:56:25 GMT" name="tearDown" finished-at="2023-03-04T09:56:25 GMT" duration-ms="378" status="PASS">
          <reporter-output>
          </reporter-output>
        </test-method> <!-- tearDown -->
        <test-method is-config="true" signature="setup(java.lang.String,java.lang.String)[pri:0, instance:testcases.ContactPageTest@f09733f]" started-at="2023-03-04T09:56:25 GMT" name="setup" finished-at="2023-03-04T09:56:29 GMT" duration-ms="3933" status="PASS">
          <params>
            <param index="0">
              <value>
                <![CDATA[Edge]]>
              </value>
            </param>
            <param index="1">
              <value>
                <![CDATA[https://jupiter.cloud.planittesting.com/#/]]>
              </value>
            </param>
          </params>
          <reporter-output>
          </reporter-output>
        </test-method> <!-- setup -->
        <test-method signature="VerifyUserAbleToFillForm()[pri:2, instance:testcases.ContactPageTest@f09733f]" started-at="2023-03-04T09:56:29 GMT" name="VerifyUserAbleToFillForm" finished-at="2023-03-04T09:57:21 GMT" duration-ms="51840" status="PASS">
          <reporter-output>
          </reporter-output>
        </test-method> <!-- VerifyUserAbleToFillForm -->
        <test-method is-config="true" signature="tearDown()[pri:0, instance:testcases.ContactPageTest@f09733f]" started-at="2023-03-04T09:57:21 GMT" name="tearDown" finished-at="2023-03-04T09:57:21 GMT" duration-ms="348" status="PASS">
          <reporter-output>
          </reporter-output>
        </test-method> <!-- tearDown -->
      </class> <!-- testcases.ContactPageTest -->
      <class name="testcases.LoginTest">
        <test-method is-config="true" signature="setup(java.lang.String,java.lang.String)[pri:0, instance:testcases.LoginTest@791f145a]" started-at="2023-03-04T09:56:03 GMT" name="setup" finished-at="2023-03-04T09:56:07 GMT" duration-ms="3935" status="PASS">
          <params>
            <param index="0">
              <value>
                <![CDATA[Edge]]>
              </value>
            </param>
            <param index="1">
              <value>
                <![CDATA[https://jupiter.cloud.planittesting.com/#/]]>
              </value>
            </param>
          </params>
          <reporter-output>
          </reporter-output>
        </test-method> <!-- setup -->
        <test-method signature="verifyTitle()[pri:1, instance:testcases.LoginTest@791f145a]" started-at="2023-03-04T09:56:07 GMT" name="verifyTitle" finished-at="2023-03-04T09:56:07 GMT" duration-ms="10" status="PASS">
          <reporter-output>
          </reporter-output>
        </test-method> <!-- verifyTitle -->
        <test-method is-config="true" signature="tearDown()[pri:0, instance:testcases.LoginTest@791f145a]" started-at="2023-03-04T09:56:07 GMT" name="tearDown" finished-at="2023-03-04T09:56:08 GMT" duration-ms="790" status="PASS">
          <reporter-output>
          </reporter-output>
        </test-method> <!-- tearDown -->
        <test-method is-config="true" signature="setup(java.lang.String,java.lang.String)[pri:0, instance:testcases.LoginTest@791f145a]" started-at="2023-03-04T09:56:08 GMT" name="setup" finished-at="2023-03-04T09:56:12 GMT" duration-ms="3541" status="PASS">
          <params>
            <param index="0">
              <value>
                <![CDATA[Edge]]>
              </value>
            </param>
            <param index="1">
              <value>
                <![CDATA[https://jupiter.cloud.planittesting.com/#/]]>
              </value>
            </param>
          </params>
          <reporter-output>
          </reporter-output>
        </test-method> <!-- setup -->
        <test-method signature="clickOnContactPage()[pri:2, instance:testcases.LoginTest@791f145a]" started-at="2023-03-04T09:56:12 GMT" name="clickOnContactPage" finished-at="2023-03-04T09:56:14 GMT" duration-ms="2146" status="PASS">
          <reporter-output>
          </reporter-output>
        </test-method> <!-- clickOnContactPage -->
        <test-method is-config="true" signature="tearDown()[pri:0, instance:testcases.LoginTest@791f145a]" started-at="2023-03-04T09:56:14 GMT" name="tearDown" finished-at="2023-03-04T09:56:14 GMT" duration-ms="321" status="PASS">
          <reporter-output>
          </reporter-output>
        </test-method> <!-- tearDown -->
      </class> <!-- testcases.LoginTest -->
    </test> <!-- Test2 -->
    <test started-at="2023-03-04T09:57:21 GMT" name="Test3" finished-at="2023-03-04T09:58:41 GMT" duration-ms="79721">
      <class name="testcases.ContactPageTest">
        <test-method is-config="true" signature="setup(java.lang.String,java.lang.String)[pri:0, instance:testcases.ContactPageTest@13e344d]" started-at="2023-03-04T09:57:41 GMT" name="setup" finished-at="2023-03-04T09:57:48 GMT" duration-ms="6960" status="PASS">
          <params>
            <param index="0">
              <value>
                <![CDATA[Firefox]]>
              </value>
            </param>
            <param index="1">
              <value>
                <![CDATA[https://jupiter.cloud.planittesting.com/#/]]>
              </value>
            </param>
          </params>
          <reporter-output>
          </reporter-output>
        </test-method> <!-- setup -->
        <test-method signature="VerifyErrorMessages()[pri:1, instance:testcases.ContactPageTest@13e344d]" started-at="2023-03-04T09:57:48 GMT" name="VerifyErrorMessages" finished-at="2023-03-04T09:57:55 GMT" duration-ms="6910" status="PASS">
          <reporter-output>
          </reporter-output>
        </test-method> <!-- VerifyErrorMessages -->
        <test-method is-config="true" signature="tearDown()[pri:0, instance:testcases.ContactPageTest@13e344d]" started-at="2023-03-04T09:57:55 GMT" name="tearDown" finished-at="2023-03-04T09:57:56 GMT" duration-ms="1248" status="PASS">
          <reporter-output>
          </reporter-output>
        </test-method> <!-- tearDown -->
        <test-method is-config="true" signature="setup(java.lang.String,java.lang.String)[pri:0, instance:testcases.ContactPageTest@13e344d]" started-at="2023-03-04T09:57:56 GMT" name="setup" finished-at="2023-03-04T09:58:03 GMT" duration-ms="7072" status="PASS">
          <params>
            <param index="0">
              <value>
                <![CDATA[Firefox]]>
              </value>
            </param>
            <param index="1">
              <value>
                <![CDATA[https://jupiter.cloud.planittesting.com/#/]]>
              </value>
            </param>
          </params>
          <reporter-output>
          </reporter-output>
        </test-method> <!-- setup -->
        <test-method signature="VerifyUserAbleToFillForm()[pri:2, instance:testcases.ContactPageTest@13e344d]" started-at="2023-03-04T09:58:03 GMT" name="VerifyUserAbleToFillForm" finished-at="2023-03-04T09:58:40 GMT" duration-ms="36873" status="PASS">
          <reporter-output>
          </reporter-output>
        </test-method> <!-- VerifyUserAbleToFillForm -->
        <test-method is-config="true" signature="tearDown()[pri:0, instance:testcases.ContactPageTest@13e344d]" started-at="2023-03-04T09:58:40 GMT" name="tearDown" finished-at="2023-03-04T09:58:41 GMT" duration-ms="1243" status="PASS">
          <reporter-output>
          </reporter-output>
        </test-method> <!-- tearDown -->
      </class> <!-- testcases.ContactPageTest -->
      <class name="testcases.LoginTest">
        <test-method is-config="true" signature="setup(java.lang.String,java.lang.String)[pri:0, instance:testcases.LoginTest@45099dd3]" started-at="2023-03-04T09:57:21 GMT" name="setup" finished-at="2023-03-04T09:57:28 GMT" duration-ms="6945" status="PASS">
          <params>
            <param index="0">
              <value>
                <![CDATA[Firefox]]>
              </value>
            </param>
            <param index="1">
              <value>
                <![CDATA[https://jupiter.cloud.planittesting.com/#/]]>
              </value>
            </param>
          </params>
          <reporter-output>
          </reporter-output>
        </test-method> <!-- setup -->
        <test-method signature="verifyTitle()[pri:1, instance:testcases.LoginTest@45099dd3]" started-at="2023-03-04T09:57:28 GMT" name="verifyTitle" finished-at="2023-03-04T09:57:28 GMT" duration-ms="15" status="PASS">
          <reporter-output>
          </reporter-output>
        </test-method> <!-- verifyTitle -->
        <test-method is-config="true" signature="tearDown()[pri:0, instance:testcases.LoginTest@45099dd3]" started-at="2023-03-04T09:57:28 GMT" name="tearDown" finished-at="2023-03-04T09:57:29 GMT" duration-ms="1102" status="PASS">
          <reporter-output>
          </reporter-output>
        </test-method> <!-- tearDown -->
        <test-method is-config="true" signature="setup(java.lang.String,java.lang.String)[pri:0, instance:testcases.LoginTest@45099dd3]" started-at="2023-03-04T09:57:29 GMT" name="setup" finished-at="2023-03-04T09:57:37 GMT" duration-ms="7788" status="PASS">
          <params>
            <param index="0">
              <value>
                <![CDATA[Firefox]]>
              </value>
            </param>
            <param index="1">
              <value>
                <![CDATA[https://jupiter.cloud.planittesting.com/#/]]>
              </value>
            </param>
          </params>
          <reporter-output>
          </reporter-output>
        </test-method> <!-- setup -->
        <test-method signature="clickOnContactPage()[pri:2, instance:testcases.LoginTest@45099dd3]" started-at="2023-03-04T09:57:37 GMT" name="clickOnContactPage" finished-at="2023-03-04T09:57:39 GMT" duration-ms="2276" status="PASS">
          <reporter-output>
          </reporter-output>
        </test-method> <!-- clickOnContactPage -->
        <test-method is-config="true" signature="tearDown()[pri:0, instance:testcases.LoginTest@45099dd3]" started-at="2023-03-04T09:57:39 GMT" name="tearDown" finished-at="2023-03-04T09:57:41 GMT" duration-ms="1261" status="PASS">
          <reporter-output>
          </reporter-output>
        </test-method> <!-- tearDown -->
      </class> <!-- testcases.LoginTest -->
    </test> <!-- Test3 -->
  </suite> <!-- Suite -->
</testng-results>
